{
  "RSpec": {
    "coverage": {
      "/Users/naz/Dev/Tic-Tac-Toe/spec/board_spec.rb": [
        1,
        null,
        1,
        null,
        18,
        11,
        27,
        null,
        1,
        1,
        1,
        null,
        null,
        null,
        1,
        1,
        3,
        null,
        null,
        1,
        1,
        1,
        null,
        null,
        1,
        1,
        null,
        null,
        null,
        1,
        1,
        1,
        null,
        null,
        null,
        null,
        1,
        1,
        1,
        null,
        null,
        1,
        1,
        1,
        null,
        null,
        null,
        1,
        1,
        1,
        1,
        1,
        null,
        null,
        1,
        1,
        1,
        null,
        null,
        null,
        1,
        1,
        1,
        1,
        null,
        null,
        null,
        null,
        1,
        1,
        1,
        1,
        1,
        null,
        null,
        null,
        1,
        1,
        1,
        null,
        null,
        1,
        1,
        1,
        null,
        null,
        1,
        1,
        1,
        null,
        null,
        1,
        1,
        1,
        null,
        null,
        null,
        null,
        1,
        1,
        1,
        1,
        1,
        1,
        null,
        null,
        1,
        1,
        1,
        null,
        null,
        1,
        1,
        1,
        null,
        null,
        null,
        1,
        1,
        1,
        1,
        null,
        null,
        1,
        1,
        1,
        null,
        null,
        1,
        1,
        1,
        null,
        null,
        null,
        1,
        1,
        1,
        1,
        null,
        null,
        1,
        1,
        1,
        null,
        null,
        null,
        1,
        1,
        1,
        1,
        null,
        null,
        null,
        null,
        1,
        1,
        1,
        1,
        null,
        null,
        1,
        1,
        1,
        null,
        null,
        null,
        null,
        1,
        1,
        1,
        null,
        null,
        null
      ],
      "/Users/naz/Dev/Tic-Tac-Toe/lib/board.rb": [
        1,
        null,
        1,
        1,
        1,
        1,
        null,
        1,
        61,
        null,
        null,
        1,
        15425,
        null,
        null,
        1,
        25,
        null,
        null,
        1,
        1825,
        null,
        null,
        1,
        1326,
        null,
        null,
        1,
        60799,
        null,
        null,
        1,
        2,
        null,
        null,
        1,
        null,
        1,
        7298,
        null,
        null,
        1,
        null,
        14596,
        null,
        null,
        null,
        null,
        null,
        1,
        7298,
        null,
        null,
        1,
        null,
        7298,
        null,
        null,
        null,
        null,
        1,
        3151,
        null,
        null,
        1,
        8049,
        null,
        null
      ],
      "/Users/naz/Dev/Tic-Tac-Toe/spec/computer_spec.rb": [
        1,
        1,
        1,
        null,
        1,
        9,
        8,
        8,
        4,
        4,
        4,
        null,
        1,
        1,
        1,
        null,
        null,
        null,
        1,
        1,
        1,
        1,
        1,
        1,
        null,
        null,
        1,
        1,
        1,
        1,
        1,
        null,
        null,
        null,
        1,
        1,
        1,
        5,
        null,
        null,
        1,
        1,
        1,
        null,
        null,
        1,
        1,
        1,
        null,
        null,
        1,
        1,
        1,
        null,
        null,
        1,
        1,
        1,
        null,
        null,
        1,
        1,
        1,
        null,
        null,
        null,
        1,
        1,
        3,
        null,
        null,
        1,
        1,
        1,
        null,
        null,
        1,
        1,
        1,
        null,
        null,
        1,
        1,
        1,
        null,
        null,
        null,
        null
      ],
      "/Users/naz/Dev/Tic-Tac-Toe/lib/computer.rb": [
        1,
        null,
        1,
        null,
        1,
        46,
        46,
        null,
        null,
        1,
        2,
        2,
        2,
        null,
        null,
        1,
        1822,
        null,
        964,
        1814,
        null,
        1814,
        1814,
        1814,
        null,
        1814,
        1814,
        null,
        null,
        964,
        8,
        956,
        956,
        null,
        null,
        null,
        1,
        null,
        1,
        1,
        1,
        null,
        null,
        1,
        858,
        331,
        527,
        349,
        178,
        178,
        null,
        null,
        null,
        1,
        45,
        null,
        null,
        1,
        1310,
        null,
        null,
        1,
        1423,
        null,
        null,
        1,
        1814,
        null,
        null,
        1,
        1,
        1,
        null,
        null,
        1,
        964,
        964,
        8676,
        null,
        964,
        null,
        null,
        null
      ],
      "/Users/naz/Dev/Tic-Tac-Toe/lib/human.rb": [
        1,
        null,
        1,
        null,
        1,
        57,
        null,
        null,
        1,
        3,
        3,
        5,
        5,
        null,
        3,
        null,
        null,
        1,
        null,
        1,
        5,
        null,
        null
      ],
      "/Users/naz/Dev/Tic-Tac-Toe/lib/game.rb": [
        1,
        1,
        1,
        null,
        1,
        null,
        1,
        1,
        null,
        1,
        33,
        33,
        33,
        33,
        null,
        null,
        1,
        2,
        null,
        null,
        1,
        1445,
        null,
        null,
        1,
        1820,
        null,
        null,
        1,
        1820,
        null,
        null,
        1,
        1,
        null,
        null,
        1,
        1,
        null,
        null
      ],
      "/Users/naz/Dev/Tic-Tac-Toe/spec/game_maker_spec.rb": [
        1,
        null,
        1,
        null,
        25,
        13,
        13,
        13,
        25,
        null,
        1,
        1,
        3,
        3,
        3,
        3,
        3,
        3,
        3,
        3,
        3,
        3,
        3,
        3,
        3,
        3,
        3,
        null,
        null,
        1,
        1,
        null,
        null,
        1,
        1,
        null,
        null,
        1,
        1,
        null,
        null,
        null,
        1,
        1,
        5,
        5,
        5,
        5,
        5,
        5,
        5,
        5,
        null,
        null,
        1,
        1,
        1,
        1,
        1,
        null,
        null,
        1,
        1,
        1,
        1,
        null,
        null,
        1,
        1,
        1,
        1,
        null,
        null,
        1,
        1,
        1,
        1,
        null,
        null,
        null,
        1,
        1,
        1,
        1,
        1,
        null,
        null,
        null,
        null,
        1,
        1,
        7,
        null,
        null,
        1,
        1,
        1,
        1,
        1,
        1,
        null,
        null,
        1,
        1,
        1,
        1,
        null,
        null,
        null,
        1,
        1,
        1,
        1,
        1,
        1,
        null,
        null,
        1,
        1,
        1,
        1,
        null,
        null,
        null,
        1,
        1,
        1,
        1,
        1,
        1,
        null,
        null,
        1,
        1,
        1,
        1,
        null,
        null,
        null,
        1,
        1,
        1,
        1,
        1,
        1,
        1,
        null,
        null,
        null,
        null,
        1,
        1,
        5,
        5,
        null,
        null,
        1,
        1,
        1,
        1,
        2,
        null,
        null,
        null,
        1,
        1,
        1,
        1,
        2,
        null,
        null,
        1,
        1,
        1,
        2,
        null,
        null,
        1,
        1,
        1,
        2,
        null,
        null,
        1,
        1,
        1,
        2,
        null,
        null,
        null,
        null,
        1,
        1,
        4,
        4,
        null,
        null,
        1,
        1,
        1,
        1,
        1,
        null,
        null,
        1,
        1,
        1,
        1,
        null,
        null,
        null,
        1,
        1,
        1,
        1,
        2,
        null,
        null,
        1,
        1,
        1,
        2,
        null,
        null,
        null,
        null
      ],
      "/Users/naz/Dev/Tic-Tac-Toe/lib/game_maker.rb": [
        1,
        null,
        1,
        null,
        1,
        1,
        null,
        1,
        24,
        24,
        null,
        null,
        1,
        3,
        null,
        3,
        3,
        null,
        3,
        3,
        null,
        3,
        3,
        3,
        null,
        3,
        3,
        null,
        null,
        1,
        5,
        6,
        6,
        6,
        6,
        6,
        6,
        null,
        null,
        null,
        1,
        5,
        5,
        9,
        9,
        2,
        7,
        1,
        6,
        1,
        null,
        5,
        5,
        null,
        null,
        null,
        null,
        1,
        4,
        5,
        5,
        5,
        null,
        2,
        2,
        null,
        1,
        1,
        null,
        1,
        1,
        null,
        1,
        null,
        null,
        null,
        null,
        1,
        1,
        null,
        null,
        1,
        1,
        null,
        null,
        1,
        1,
        null,
        null,
        1,
        4,
        6,
        6,
        6,
        null,
        3,
        3,
        null,
        1,
        1,
        null,
        2,
        null,
        null,
        null,
        null,
        1,
        null,
        1,
        6,
        null,
        null,
        1,
        9,
        null,
        null,
        1,
        3,
        null,
        null,
        1,
        0,
        null,
        null,
        1,
        3,
        3,
        null,
        null
      ],
      "/Users/naz/Dev/Tic-Tac-Toe/spec/game_spec.rb": [
        1,
        null,
        1,
        null,
        9,
        9,
        3,
        9,
        null,
        1,
        1,
        1,
        null,
        null,
        1,
        1,
        null,
        null,
        1,
        1,
        null,
        null,
        null,
        1,
        1,
        1,
        1,
        1,
        null,
        null,
        1,
        1,
        1,
        1,
        null,
        null,
        null,
        1,
        1,
        1,
        null,
        null,
        null,
        1,
        1,
        1,
        1,
        1,
        1,
        null,
        null,
        null,
        1,
        1,
        1,
        1,
        1,
        1,
        null,
        null,
        null
      ],
      "/Users/naz/Dev/Tic-Tac-Toe/spec/human_spec.rb": [
        1,
        null,
        1,
        null,
        5,
        null,
        1,
        1,
        1,
        null,
        null,
        null,
        1,
        1,
        1,
        1,
        1,
        1,
        1,
        null,
        null,
        1,
        1,
        1,
        1,
        1,
        1,
        1,
        null,
        null,
        1,
        1,
        1,
        1,
        1,
        1,
        1,
        null,
        null,
        null,
        null
      ],
      "/Users/naz/Dev/Tic-Tac-Toe/spec/ui_spec.rb": [
        1,
        null,
        1,
        null,
        21,
        4,
        3,
        null,
        1,
        1,
        2,
        null,
        null,
        1,
        1,
        2,
        null,
        null,
        1,
        1,
        2,
        null,
        null,
        1,
        1,
        2,
        null,
        null,
        1,
        1,
        1,
        2,
        null,
        null,
        1,
        1,
        2,
        null,
        null,
        1,
        1,
        2,
        null,
        null,
        1,
        1,
        2,
        null,
        null,
        1,
        1,
        2,
        null,
        null,
        1,
        1,
        2,
        null,
        null,
        1,
        1,
        2,
        null,
        null,
        1,
        1,
        2,
        null,
        null,
        1,
        1,
        2,
        null,
        null,
        1,
        1,
        2,
        null,
        null,
        1,
        1,
        2,
        null,
        null,
        1,
        1,
        2,
        null,
        null,
        1,
        1,
        2,
        null,
        null,
        1,
        1,
        2,
        null,
        null,
        1,
        1,
        2,
        null,
        null,
        1,
        1,
        2,
        null,
        null
      ],
      "/Users/naz/Dev/Tic-Tac-Toe/lib/ui.rb": [
        1,
        null,
        1,
        0,
        null,
        null,
        1,
        6,
        null,
        null,
        1,
        6,
        null,
        null,
        1,
        1,
        null,
        null,
        1,
        1,
        null,
        null,
        null,
        null,
        null,
        1,
        6,
        null,
        null,
        1,
        1,
        null,
        null,
        1,
        1,
        1,
        1,
        1,
        1,
        null,
        null,
        1,
        2,
        null,
        null,
        1,
        1,
        null,
        null,
        1,
        1,
        null,
        null,
        1,
        3,
        null,
        null,
        1,
        2,
        null,
        null,
        1,
        2,
        null,
        null,
        1,
        1,
        null,
        null,
        null,
        1,
        null,
        null,
        1,
        1,
        null,
        null,
        1,
        1,
        null,
        null,
        null,
        null,
        1,
        3,
        null,
        null,
        1,
        1,
        null,
        null,
        1,
        1,
        null,
        null,
        1,
        1,
        null,
        null,
        1,
        1,
        null,
        null,
        null,
        1,
        1,
        null,
        null,
        1,
        1,
        null,
        null,
        null
      ],
      "/Users/naz/Dev/Tic-Tac-Toe/spec/validator_spec.rb": [
        1,
        null,
        1,
        null,
        1,
        null,
        null
      ],
      "/Users/naz/Dev/Tic-Tac-Toe/lib/validator.rb": [
        1,
        null
      ]
    },
    "timestamp": 1506511712
  }
}
